0 info it worked if it ends with ok
1 verbose cli [ 'C:\\Program Files\\nodejs\\node.exe',
1 verbose cli   'C:\\Program Files\\nodejs\\node_modules\\npm\\bin\\npm-cli.js',
1 verbose cli   'rebuild',
1 verbose cli   'node-sass' ]
2 info using npm@3.8.3
3 info using node@v5.10.1
4 info readInstalled object
5 verbose rebuild path, id [ 'E:\\eo\\eoapi\\node_modules\\node-sass', 'node-sass@3.8.0' ]
6 silly rebuild set [ 'E:\\eo\\eoapi\\node_modules\\node-sass' ]
7 info build E:\eo\eoapi\node_modules\node-sass
8 info lifecycle node-sass@3.8.0~preinstall: node-sass@3.8.0
9 silly lifecycle node-sass@3.8.0~preinstall: no script for preinstall, continuing
10 info linkStuff node-sass@3.8.0
11 silly linkStuff node-sass@3.8.0 has E:\eo\eoapi\node_modules as its parent node_modules
12 verbose linkBins node-sass@3.8.0
13 verbose link bins [ { 'node-sass': 'bin/node-sass' },
13 verbose link bins   'E:\\eo\\eoapi\\node_modules\\.bin',
13 verbose link bins   false ]
14 verbose linkMans node-sass@3.8.0
15 verbose rebuildBundles node-sass@3.8.0
16 verbose rebuildBundles [ '.bin',
16 verbose rebuildBundles   'gaze',
16 verbose rebuildBundles   'globule',
16 verbose rebuildBundles   'lodash',
16 verbose rebuildBundles   'minimatch',
16 verbose rebuildBundles   'minimist',
16 verbose rebuildBundles   'mkdirp' ]
17 verbose rebuild bundle E:\eo\eoapi\node_modules\node-sass\node_modules\globule
18 info build E:\eo\eoapi\node_modules\node-sass\node_modules\globule
19 info lifecycle globule@1.0.0~preinstall: globule@1.0.0
20 silly lifecycle globule@1.0.0~preinstall: no script for preinstall, continuing
21 info linkStuff globule@1.0.0
22 silly linkStuff globule@1.0.0 has E:\eo\eoapi\node_modules\node-sass\node_modules as its parent node_modules
23 verbose linkBins globule@1.0.0
24 verbose linkMans globule@1.0.0
25 verbose rebuildBundles globule@1.0.0
26 info lifecycle globule@1.0.0~install: globule@1.0.0
27 silly lifecycle globule@1.0.0~install: no script for install, continuing
28 info lifecycle globule@1.0.0~postinstall: globule@1.0.0
29 silly lifecycle globule@1.0.0~postinstall: no script for postinstall, continuing
30 verbose rebuild bundle E:\eo\eoapi\node_modules\node-sass\node_modules\lodash
31 info build E:\eo\eoapi\node_modules\node-sass\node_modules\lodash
32 info lifecycle lodash@4.9.0~preinstall: lodash@4.9.0
33 silly lifecycle lodash@4.9.0~preinstall: no script for preinstall, continuing
34 info linkStuff lodash@4.9.0
35 silly linkStuff lodash@4.9.0 has E:\eo\eoapi\node_modules\node-sass\node_modules as its parent node_modules
36 verbose linkBins lodash@4.9.0
37 verbose linkMans lodash@4.9.0
38 verbose rebuildBundles lodash@4.9.0
39 info lifecycle lodash@4.9.0~install: lodash@4.9.0
40 silly lifecycle lodash@4.9.0~install: no script for install, continuing
41 info lifecycle lodash@4.9.0~postinstall: lodash@4.9.0
42 silly lifecycle lodash@4.9.0~postinstall: no script for postinstall, continuing
43 verbose rebuild bundle E:\eo\eoapi\node_modules\node-sass\node_modules\minimatch
44 info build E:\eo\eoapi\node_modules\node-sass\node_modules\minimatch
45 info lifecycle minimatch@3.0.2~preinstall: minimatch@3.0.2
46 silly lifecycle minimatch@3.0.2~preinstall: no script for preinstall, continuing
47 info linkStuff minimatch@3.0.2
48 silly linkStuff minimatch@3.0.2 has E:\eo\eoapi\node_modules\node-sass\node_modules as its parent node_modules
49 verbose linkBins minimatch@3.0.2
50 verbose linkMans minimatch@3.0.2
51 verbose rebuildBundles minimatch@3.0.2
52 info lifecycle minimatch@3.0.2~install: minimatch@3.0.2
53 silly lifecycle minimatch@3.0.2~install: no script for install, continuing
54 info lifecycle minimatch@3.0.2~postinstall: minimatch@3.0.2
55 silly lifecycle minimatch@3.0.2~postinstall: no script for postinstall, continuing
56 verbose rebuild bundle E:\eo\eoapi\node_modules\node-sass\node_modules\minimist
57 info build E:\eo\eoapi\node_modules\node-sass\node_modules\minimist
58 info lifecycle minimist@0.0.8~preinstall: minimist@0.0.8
59 silly lifecycle minimist@0.0.8~preinstall: no script for preinstall, continuing
60 info linkStuff minimist@0.0.8
61 silly linkStuff minimist@0.0.8 has E:\eo\eoapi\node_modules\node-sass\node_modules as its parent node_modules
62 verbose linkBins minimist@0.0.8
63 verbose linkMans minimist@0.0.8
64 verbose rebuildBundles minimist@0.0.8
65 info lifecycle minimist@0.0.8~install: minimist@0.0.8
66 silly lifecycle minimist@0.0.8~install: no script for install, continuing
67 info lifecycle minimist@0.0.8~postinstall: minimist@0.0.8
68 silly lifecycle minimist@0.0.8~postinstall: no script for postinstall, continuing
69 info lifecycle node-sass@3.8.0~install: node-sass@3.8.0
70 verbose lifecycle node-sass@3.8.0~install: unsafe-perm in lifecycle true
71 verbose lifecycle node-sass@3.8.0~install: PATH: C:\Program Files\nodejs\node_modules\npm\bin\node-gyp-bin;E:\eo\eoapi\node_modules\node-sass\node_modules\.bin;E:\eo\eoapi\node_modules\.bin;C:\Program Files\nodejs;F:\java\java1.8\bin;C:\Program Files\Microsoft DNX\Dnvm\;C:\Program Files (x86)\Windows Kits\8.1\Windows Performance Toolkit\;C:\Program Files\nodejs\;C:\Program Files (x86)\Git\bin\;C:\Ruby22\bin\;C:\Program Files\Microsoft SQL Server\110\DTS\Binn\;C:\Program Files (x86)\Microsoft SQL Server\110\Tools\Binn\;C:\Program Files\Microsoft SQL Server\110\Tools\Binn\;C:\Program Files (x86)\Microsoft SQL Server\110\Tools\Binn\ManagementStudio\;C:\Program Files (x86)\Microsoft Visual Studio 10.0\Common7\IDE\PrivateAssemblies\;C:\Program Files (x86)\Microsoft SQL Server\110\DTS\Binn\;F:\java\java1.8\bin;F:\java\java1.8\jre\bin;C:\Windows\System32\;C:\Users\lethe\AppData\Roaming\npm;C:\Windows\System32\;
72 verbose lifecycle node-sass@3.8.0~install: CWD: E:\eo\eoapi\node_modules\node-sass
73 silly lifecycle node-sass@3.8.0~install: Args: [ '/d /s /c', 'node scripts/install.js' ]
74 silly lifecycle node-sass@3.8.0~install: Returned: code: 0  signal: null
75 info lifecycle node-sass@3.8.0~postinstall: node-sass@3.8.0
76 verbose lifecycle node-sass@3.8.0~postinstall: unsafe-perm in lifecycle true
77 verbose lifecycle node-sass@3.8.0~postinstall: PATH: C:\Program Files\nodejs\node_modules\npm\bin\node-gyp-bin;E:\eo\eoapi\node_modules\node-sass\node_modules\.bin;E:\eo\eoapi\node_modules\.bin;C:\Program Files\nodejs;F:\java\java1.8\bin;C:\Program Files\Microsoft DNX\Dnvm\;C:\Program Files (x86)\Windows Kits\8.1\Windows Performance Toolkit\;C:\Program Files\nodejs\;C:\Program Files (x86)\Git\bin\;C:\Ruby22\bin\;C:\Program Files\Microsoft SQL Server\110\DTS\Binn\;C:\Program Files (x86)\Microsoft SQL Server\110\Tools\Binn\;C:\Program Files\Microsoft SQL Server\110\Tools\Binn\;C:\Program Files (x86)\Microsoft SQL Server\110\Tools\Binn\ManagementStudio\;C:\Program Files (x86)\Microsoft Visual Studio 10.0\Common7\IDE\PrivateAssemblies\;C:\Program Files (x86)\Microsoft SQL Server\110\DTS\Binn\;F:\java\java1.8\bin;F:\java\java1.8\jre\bin;C:\Windows\System32\;C:\Users\lethe\AppData\Roaming\npm;C:\Windows\System32\;
78 verbose lifecycle node-sass@3.8.0~postinstall: CWD: E:\eo\eoapi\node_modules\node-sass
79 silly lifecycle node-sass@3.8.0~postinstall: Args: [ '/d /s /c', 'node scripts/build.js' ]
80 silly lifecycle node-sass@3.8.0~postinstall: Returned: code: 1  signal: null
81 info lifecycle node-sass@3.8.0~postinstall: Failed to exec postinstall script
82 verbose stack Error: node-sass@3.8.0 postinstall: `node scripts/build.js`
82 verbose stack Exit status 1
82 verbose stack     at EventEmitter.<anonymous> (C:\Program Files\nodejs\node_modules\npm\lib\utils\lifecycle.js:239:16)
82 verbose stack     at emitTwo (events.js:100:13)
82 verbose stack     at EventEmitter.emit (events.js:185:7)
82 verbose stack     at ChildProcess.<anonymous> (C:\Program Files\nodejs\node_modules\npm\lib\utils\spawn.js:24:14)
82 verbose stack     at emitTwo (events.js:100:13)
82 verbose stack     at ChildProcess.emit (events.js:185:7)
82 verbose stack     at maybeClose (internal/child_process.js:850:16)
82 verbose stack     at Process.ChildProcess._handle.onexit (internal/child_process.js:215:5)
83 verbose pkgid node-sass@3.8.0
84 verbose cwd E:\eo\eoapi
85 error Windows_NT 10.0.10240
86 error argv "C:\\Program Files\\nodejs\\node.exe" "C:\\Program Files\\nodejs\\node_modules\\npm\\bin\\npm-cli.js" "rebuild" "node-sass"
87 error node v5.10.1
88 error npm  v3.8.3
89 error code ELIFECYCLE
90 error node-sass@3.8.0 postinstall: `node scripts/build.js`
90 error Exit status 1
91 error Failed at the node-sass@3.8.0 postinstall script 'node scripts/build.js'.
91 error Make sure you have the latest version of node.js and npm installed.
91 error If you do, this is most likely a problem with the node-sass package,
91 error not with npm itself.
91 error Tell the author that this fails on your system:
91 error     node scripts/build.js
91 error You can get information on how to open an issue for this project with:
91 error     npm bugs node-sass
91 error Or if that isn't available, you can get their info via:
91 error     npm owner ls node-sass
91 error There is likely additional logging output above.
92 verbose exit [ 1, true ]
